<?xml version="1.0" encoding="UTF-8"?>
<!-- Generated by org.testng.reporters.JUnitReportReporter -->
<testsuite hostname="N1NXCV083539028" failures="0" tests="7" name="runner.AppTest" time="239.383" errors="0" timestamp="2025-05-22T15:58:46 IST" skipped="0">
  <testcase classname="runner.AppTest" name="testCase1" time="33.932"/>
  <testcase classname="runner.AppTest" name="testCase1" time="37.040"/>
  <testcase classname="runner.AppTest" name="testCase1" time="24.154"/>
  <testcase classname="runner.AppTest" name="testCase1" time="30.903"/>
  <testcase classname="runner.AppTest" name="testCase1" time="36.622"/>
  <testcase classname="runner.AppTest" name="testCase2" time="38.497"/>
  <testcase classname="runner.AppTest" name="testCase2" time="38.235"/>
</testsuite> <!-- runner.AppTest -->
